2025-05-06T07:43:10.374Z [[31merror[39m]: Webhook processing error: {"error":{}}
2025-05-06T07:47:10.155Z [[31merror[39m]: Update payment status error: {"error":"Payment not found","reference":"T581975940466320"}
2025-05-06T07:47:10.157Z [[31merror[39m]: Error processing payment webhook: {"error":{"statusCode":404,"isOperational":true},"reference":"T581975940466320"}
2025-05-06T07:48:07.624Z [[31merror[39m]: Update payment status error: {"error":"Payment not found","reference":"T207468863195394"}
2025-05-06T07:48:07.627Z [[31merror[39m]: Error processing payment webhook: {"error":{"statusCode":404,"isOperational":true},"reference":"T207468863195394"}
2025-05-06T07:57:08.200Z [[31merror[39m]: Update payment status error: {"error":"Payment not found","reference":"T419041865652233"}
2025-05-06T07:57:08.203Z [[31merror[39m]: Error processing payment webhook: {"error":{"statusCode":404,"isOperational":true},"reference":"T419041865652233"}
2025-05-06T08:36:09.121Z [[31merror[39m]: Update payment status error: {"error":"Payment not found","reference":"T849421405913829"}
2025-05-06T08:36:09.130Z [[31merror[39m]: Error processing payment webhook: {"error":{"statusCode":404,"isOperational":true},"reference":"T849421405913829"}
2025-05-06T23:12:26.487Z [[31merror[39m]: Error sending email: {"error":{"response":{"statusCode":401,"body":{"message":"authentication not found in headers","code":"unauthorized"},"headers":{"date":"Tue, 06 May 2025 23:12:27 GMT","content-type":"application/json","content-length":"72","connection":"keep-alive","access-control-allow-credentials":"true","sib-request-id":"bf1f8744-99fd-9ab2-a5a5-61e5dca2629c","access-control-allow-origin":"*","access-control-allow-headers":"*","access-control-allow-methods":"PUT, POST, GET, DELETE, PATCH, OPTIONS","x-envoy-upstream-service-time":"5","cf-cache-status":"DYNAMIC","server":"cloudflare","cf-ray":"93bc299c0f33fb85-AMS"},"request":{"uri":{"protocol":"https:","slashes":true,"auth":null,"host":"api.brevo.com","port":443,"hostname":"api.brevo.com","hash":null,"search":null,"query":null,"pathname":"/v3/smtp/email","path":"/v3/smtp/email","href":"https://api.brevo.com/v3/smtp/email"},"method":"POST","headers":{"Accept":"application/json","content-type":"application/json","content-length":686}}},"body":{"message":"authentication not found in headers","code":"unauthorized"},"statusCode":401,"name":"HttpError"}}
2025-05-06T23:15:02.502Z [[31merror[39m]: Error sending email: {"error":{"response":{"statusCode":401,"body":{"message":"authentication not found in headers","code":"unauthorized"},"headers":{"date":"Tue, 06 May 2025 23:15:03 GMT","content-type":"application/json","content-length":"72","connection":"keep-alive","access-control-allow-credentials":"true","sib-request-id":"ffb11c68-787d-9ecf-b101-bc7ac5fcde37","access-control-allow-origin":"*","access-control-allow-headers":"*","access-control-allow-methods":"PUT, POST, GET, DELETE, PATCH, OPTIONS","x-envoy-upstream-service-time":"6","cf-cache-status":"DYNAMIC","server":"cloudflare","cf-ray":"93bc2d6b4b65fead-AMS"},"request":{"uri":{"protocol":"https:","slashes":true,"auth":null,"host":"api.brevo.com","port":443,"hostname":"api.brevo.com","hash":null,"search":null,"query":null,"pathname":"/v3/smtp/email","path":"/v3/smtp/email","href":"https://api.brevo.com/v3/smtp/email"},"method":"POST","headers":{"Accept":"application/json","content-type":"application/json","content-length":741}}},"body":{"message":"authentication not found in headers","code":"unauthorized"},"statusCode":401,"name":"HttpError"}}
2025-05-06T23:15:51.871Z [[31merror[39m]: Error sending email: {"error":{"response":{"statusCode":401,"body":{"message":"authentication not found in headers","code":"unauthorized"},"headers":{"date":"Tue, 06 May 2025 23:15:52 GMT","content-type":"application/json","content-length":"72","connection":"keep-alive","access-control-allow-credentials":"true","sib-request-id":"63945b46-e6ac-92e1-bb93-47669c591ff0","access-control-allow-origin":"*","access-control-allow-headers":"*","access-control-allow-methods":"PUT, POST, GET, DELETE, PATCH, OPTIONS","x-envoy-upstream-service-time":"4","cf-cache-status":"DYNAMIC","server":"cloudflare","cf-ray":"93bc2e9f8952fba7-AMS"},"request":{"uri":{"protocol":"https:","slashes":true,"auth":null,"host":"api.brevo.com","port":443,"hostname":"api.brevo.com","hash":null,"search":null,"query":null,"pathname":"/v3/smtp/email","path":"/v3/smtp/email","href":"https://api.brevo.com/v3/smtp/email"},"method":"POST","headers":{"Accept":"application/json","content-type":"application/json","content-length":741}}},"body":{"message":"authentication not found in headers","code":"unauthorized"},"statusCode":401,"name":"HttpError"}}
2025-05-06T23:16:23.266Z [[31merror[39m]: Error sending email: {"error":{"response":{"statusCode":401,"body":{"message":"authentication not found in headers","code":"unauthorized"},"headers":{"date":"Tue, 06 May 2025 23:16:24 GMT","content-type":"application/json","content-length":"72","connection":"keep-alive","access-control-allow-credentials":"true","sib-request-id":"1aa063ca-fa89-9116-9bc0-0ca2d85bcff1","access-control-allow-origin":"*","access-control-allow-headers":"*","access-control-allow-methods":"PUT, POST, GET, DELETE, PATCH, OPTIONS","x-envoy-upstream-service-time":"5","cf-cache-status":"DYNAMIC","server":"cloudflare","cf-ray":"93bc2f639823fb7f-AMS"},"request":{"uri":{"protocol":"https:","slashes":true,"auth":null,"host":"api.brevo.com","port":443,"hostname":"api.brevo.com","hash":null,"search":null,"query":null,"pathname":"/v3/smtp/email","path":"/v3/smtp/email","href":"https://api.brevo.com/v3/smtp/email"},"method":"POST","headers":{"Accept":"application/json","content-type":"application/json","content-length":741}}},"body":{"message":"authentication not found in headers","code":"unauthorized"},"statusCode":401,"name":"HttpError"}}
2025-05-06T23:35:04.081Z [[31merror[39m]: Error sending email: {"error":{"response":{"statusCode":401,"body":{"message":"Key not found","code":"unauthorized"},"headers":{"date":"Tue, 06 May 2025 23:35:05 GMT","content-type":"application/json","content-length":"50","connection":"keep-alive","access-control-allow-credentials":"true","sib-request-id":"3c878a5b-4061-99ac-aea0-e94cd5ac8c1d","access-control-allow-origin":"*","access-control-allow-headers":"*","access-control-allow-methods":"PUT, POST, GET, DELETE, PATCH, OPTIONS","x-envoy-upstream-service-time":"4","cf-cache-status":"DYNAMIC","server":"cloudflare","cf-ray":"93bc4ac0681cfe9a-AMS"},"request":{"uri":{"protocol":"https:","slashes":true,"auth":null,"host":"api.brevo.com","port":443,"hostname":"api.brevo.com","hash":null,"search":null,"query":null,"pathname":"/v3/smtp/email","path":"/v3/smtp/email","href":"https://api.brevo.com/v3/smtp/email"},"method":"POST","headers":{"Accept":"application/json","api-key":"taknDZjHqNMyBF5V","content-type":"application/json","content-length":741}}},"body":{"message":"Key not found","code":"unauthorized"},"statusCode":401,"name":"HttpError"}}
2025-05-06T23:38:16.321Z [[31merror[39m]: Error sending email: {"error":{"response":{"statusCode":401,"body":{"message":"Key not found","code":"unauthorized"},"headers":{"date":"Tue, 06 May 2025 23:38:17 GMT","content-type":"application/json","content-length":"50","connection":"keep-alive","access-control-allow-credentials":"true","sib-request-id":"0b39a0f9-5510-9371-b49d-bf8e6932c809","access-control-allow-origin":"*","access-control-allow-headers":"*","access-control-allow-methods":"PUT, POST, GET, DELETE, PATCH, OPTIONS","x-envoy-upstream-service-time":"4","cf-cache-status":"DYNAMIC","server":"cloudflare","cf-ray":"93bc4f725c86fb93-AMS"},"request":{"uri":{"protocol":"https:","slashes":true,"auth":null,"host":"api.brevo.com","port":443,"hostname":"api.brevo.com","hash":null,"search":null,"query":null,"pathname":"/v3/smtp/email","path":"/v3/smtp/email","href":"https://api.brevo.com/v3/smtp/email"},"method":"POST","headers":{"Accept":"application/json","api-key":"taknDZjHqNMyBF5V","content-type":"application/json","content-length":741}}},"body":{"message":"Key not found","code":"unauthorized"},"statusCode":401,"name":"HttpError"}}
2025-05-06T23:44:35.538Z [[31merror[39m]: Error sending email: {"error":{"response":{"statusCode":401,"body":{"message":"Key not found","code":"unauthorized"},"headers":{"date":"Tue, 06 May 2025 23:44:36 GMT","content-type":"application/json","content-length":"50","connection":"keep-alive","access-control-allow-credentials":"true","sib-request-id":"459879dc-898a-9335-8b99-d2377530e06f","access-control-allow-origin":"*","access-control-allow-headers":"*","access-control-allow-methods":"PUT, POST, GET, DELETE, PATCH, OPTIONS","x-envoy-upstream-service-time":"5","cf-cache-status":"DYNAMIC","server":"cloudflare","cf-ray":"93bc58b4c877feb4-AMS"},"request":{"uri":{"protocol":"https:","slashes":true,"auth":null,"host":"api.brevo.com","port":443,"hostname":"api.brevo.com","hash":null,"search":null,"query":null,"pathname":"/v3/smtp/email","path":"/v3/smtp/email","href":"https://api.brevo.com/v3/smtp/email"},"method":"POST","headers":{"Accept":"application/json","api-key":"taknDZjHqNMyBF5V","content-type":"application/json","content-length":686}}},"body":{"message":"Key not found","code":"unauthorized"},"statusCode":401,"name":"HttpError"}}
2025-05-06T23:53:18.558Z [[31merror[39m]: Error sending email: {"error":{"code":"EAUTH","command":"API"}}
2025-05-06T23:53:51.312Z [[31merror[39m]: Error sending email: {"error":{"code":"EENVELOPE","command":"API"}}
2025-05-06T23:55:16.939Z [[31merror[39m]: Error sending email: {"error":{"code":"EENVELOPE","command":"API"}}
2025-05-07T10:32:47.919Z [[31merror[39m]: Get escrow error: {"error":"Value for argument \"documentPath\" is not a valid resource path. Path must be a non-empty string.","escrowId":{"escrowId":"T211775862034871","sellerId":"jo0ZJIYte5gtY5Y7R07g02Gd4pH2"}}
2025-05-07T10:32:47.936Z [[31merror[39m]: Get escrow error: {"error":"Value for argument \"documentPath\" is not a valid resource path. Path must be a non-empty string.","escrowId":{"escrowId":"T645946178362597","sellerId":"jo0ZJIYte5gtY5Y7R07g02Gd4pH2"}}
2025-05-07T10:33:59.039Z [[31merror[39m]: Get escrow error: {"error":"Value for argument \"documentPath\" is not a valid resource path. Path must be a non-empty string.","escrowId":{"escrowId":"T211775862034871","sellerId":"jo0ZJIYte5gtY5Y7R07g02Gd4pH2"}}
2025-05-07T10:33:59.076Z [[31merror[39m]: Get escrow error: {"error":"Value for argument \"documentPath\" is not a valid resource path. Path must be a non-empty string.","escrowId":{"escrowId":"T645946178362597","sellerId":"jo0ZJIYte5gtY5Y7R07g02Gd4pH2"}}
2025-05-07T10:34:32.397Z [[31merror[39m]: Get escrow error: {"error":"Value for argument \"documentPath\" is not a valid resource path. Path must be a non-empty string.","escrowId":{"escrowId":"T211775862034871","sellerId":"jo0ZJIYte5gtY5Y7R07g02Gd4pH2"}}
2025-05-07T10:34:32.408Z [[31merror[39m]: Get escrow error: {"error":"Value for argument \"documentPath\" is not a valid resource path. Path must be a non-empty string.","escrowId":{"escrowId":"T645946178362597","sellerId":"jo0ZJIYte5gtY5Y7R07g02Gd4pH2"}}
2025-05-07T10:35:38.321Z [[31merror[39m]: Process withdrawal error: {"error":"Request failed with status code 400","withdrawalId":"OJRxEh2NIy"}
2025-05-07T10:35:38.326Z [[31merror[39m]: Process withdrawal error: {"error":"Request failed with status code 400","withdrawalId":"VrwCYEoF8g"}
2025-05-07T10:38:53.477Z [[31merror[39m]: Process withdrawal error: {"error":"Request failed with status code 400","withdrawalId":"wbF2DdeeAx"}
2025-05-07T10:38:53.567Z [[31merror[39m]: Process withdrawal error: {"error":"Request failed with status code 400","withdrawalId":"20rANt86Jq"}
2025-05-07T10:47:41.615Z [[31merror[39m]: Create Paystack recipient error: {"error":"Request failed with status code 400"}
2025-05-07T10:51:53.442Z [[31merror[39m]: Create Paystack recipient error: {"error":"Request failed with status code 400"}
2025-05-07T10:55:10.264Z [[31merror[39m]: Create Paystack recipient error: {"error":"Request failed with status code 400"}
2025-05-07T10:55:49.582Z [[31merror[39m]: Create Paystack recipient error: {"error":"Request failed with status code 400"}
2025-05-07T10:56:49.230Z [[31merror[39m]: Create Paystack recipient error: {"error":"Converting circular structure to JSON\n    --> starting at object with constructor 'ClientRequest'\n    |     property 'res' -> object with constructor 'IncomingMessage'\n    --- property 'req' closes the circle"}
2025-05-07T10:57:34.492Z [[31merror[39m]: Create Paystack recipient error: {"error":"Converting circular structure to JSON\n    --> starting at object with constructor 'ClientRequest'\n    |     property 'res' -> object with constructor 'IncomingMessage'\n    --- property 'req' closes the circle"}
2025-05-07T11:07:17.823Z [[31merror[39m]: Process withdrawal error: {"error":"Request failed with status code 400","withdrawalId":"RyKFwu2MWP"}
2025-05-07T11:07:17.825Z [[31merror[39m]: Process withdrawal error: {"error":"Request failed with status code 400","withdrawalId":"ZhFsBc1tBB"}
2025-05-07T11:07:52.842Z [[31merror[39m]: Process withdrawal error: {"error":"Request failed with status code 400","withdrawalId":"UpUL945qrF"}
2025-05-07T11:07:53.407Z [[31merror[39m]: Process withdrawal error: {"error":"Request failed with status code 400","withdrawalId":"EN8AGNKmLT"}
2025-05-07T11:08:31.404Z [[31merror[39m]: Process withdrawal error: {"error":"Request failed with status code 400","withdrawalId":"mIfUlAKdp4"}
2025-05-07T11:08:31.948Z [[31merror[39m]: Process withdrawal error: {"error":"Request failed with status code 400","withdrawalId":"o6mDc96HvA"}
2025-05-07T11:10:13.124Z [[31merror[39m]: Process withdrawal error: {"error":"Request failed with status code 400","withdrawalId":"27985gJIdy"}
2025-05-07T11:10:14.558Z [[31merror[39m]: Process withdrawal error: {"error":"Request failed with status code 400","withdrawalId":"mC1bNRM0pC"}
2025-05-07T11:14:04.042Z [[31merror[39m]: Process withdrawal error: {"error":"Request failed with status code 400","withdrawalId":"N9l1gOlx3f"}
2025-05-07T11:14:04.077Z [[31merror[39m]: Process withdrawal error: {"error":"Request failed with status code 400","withdrawalId":"pql94AhU7s"}
2025-05-07T19:05:31.934Z [[31merror[39m]: Process withdrawal error: {"error":"Request failed with status code 400","withdrawalId":"73tA3JPqJe"}
2025-05-07T19:05:31.946Z [[31merror[39m]: Process withdrawal error: {"error":"Request failed with status code 400","withdrawalId":"xcG7RjtgWg"}
2025-05-28T09:59:47.056Z [[31merror[39m]: Process withdrawal error: {"error":"Request failed with status code 400","withdrawalId":"vhIQMKCjzP"}
2025-05-28T09:59:47.068Z [[31merror[39m]: Process withdrawal error: {"error":"Request failed with status code 400","withdrawalId":"pgUf6vNXp5"}
2025-05-28T10:31:49.723Z [[31merror[39m]: Process withdrawal error: {"error":"Request failed with status code 400","withdrawalId":"mYfiUOQaZI"}
2025-05-28T10:31:50.183Z [[31merror[39m]: Process withdrawal error: {"error":"Request failed with status code 400","withdrawalId":"x88jYAWrbW"}
2025-05-28T13:26:49.414Z [[31merror[39m]: Approve transfer error: {"error":"Request failed with status code 400","transferCode":"transfer_0RgjTZsjhp9jULJcvzKgM8jhEZxMSwgKhzvYeHSlSc1mwxyAQPvPssSMPfOhmaWS3efZsF1mq5EHlvHK33PnVXvS9Ia"}
2025-05-28T13:26:49.414Z [[31merror[39m]: Error handling transfer approval required webhook: {"error":{"statusCode":500,"isOperational":true}}
2025-05-28T13:26:49.641Z [[31merror[39m]: Approve transfer error: {"error":"Request failed with status code 400","transferCode":"transfer_YA6PTbLAX8Zd8qnM8rqlmVbMt7iyrqYG6lvMEfo2olcw0MkXsedgJtPBtv59wOxOriV6Trp1JKV9Zn3AgDeLVwI9EOl"}
2025-05-28T13:26:49.641Z [[31merror[39m]: Error handling transfer approval required webhook: {"error":{"statusCode":500,"isOperational":true}}
2025-05-28T13:30:06.784Z [[31merror[39m]: Update withdrawal status error: {"error":"Withdrawal not found","transferRef":"transfer_YA6PTbLAX8Zd8qnM8rqlmVbMt7iyrqYG6lvMEfo2olcw0MkXsedgJtPBtv59wOxOriV6Trp1JKV9Zn3AgDeLVwI9EOl"}
2025-05-28T13:30:06.785Z [[31merror[39m]: Error processing transfer success webhook: {"error":{"statusCode":404,"isOperational":true},"reference":"transfer_YA6PTbLAX8Zd8qnM8rqlmVbMt7iyrqYG6lvMEfo2olcw0MkXsedgJtPBtv59wOxOriV6Trp1JKV9Zn3AgDeLVwI9EOl"}
2025-05-28T13:30:07.120Z [[31merror[39m]: Update withdrawal status error: {"error":"Withdrawal not found","transferRef":"transfer_0RgjTZsjhp9jULJcvzKgM8jhEZxMSwgKhzvYeHSlSc1mwxyAQPvPssSMPfOhmaWS3efZsF1mq5EHlvHK33PnVXvS9Ia"}
2025-05-28T13:30:07.136Z [[31merror[39m]: Error processing transfer success webhook: {"error":{"statusCode":404,"isOperational":true},"reference":"transfer_0RgjTZsjhp9jULJcvzKgM8jhEZxMSwgKhzvYeHSlSc1mwxyAQPvPssSMPfOhmaWS3efZsF1mq5EHlvHK33PnVXvS9Ia"}
2025-05-28T13:45:03.776Z [[31merror[39m]: Update withdrawal status error: {"error":"Withdrawal not found","transferRef":"transfer_wuF55g9xMPzWpB3sxzf02VTHGw618SkOCFnRNONqzfyrQt62wJigAtjZ8sqpBk2O1AlWavlNZ9zTB8aK2ggJVkstUkt"}
2025-05-28T13:45:03.776Z [[31merror[39m]: Error processing transfer success webhook: {"error":{"statusCode":404,"isOperational":true},"reference":"transfer_wuF55g9xMPzWpB3sxzf02VTHGw618SkOCFnRNONqzfyrQt62wJigAtjZ8sqpBk2O1AlWavlNZ9zTB8aK2ggJVkstUkt"}
2025-05-28T13:45:03.881Z [[31merror[39m]: Update withdrawal status error: {"error":"Withdrawal not found","transferRef":"transfer_oGdDSCNuXKCIYaP4IZ5b9jYBFSTKmHGkkIsqR1L07YxAgeTjFZbixCZScl58av6ZoxhHUMAlBDU53lms2dYbYQrX3mb"}
2025-05-28T13:45:03.882Z [[31merror[39m]: Error processing transfer success webhook: {"error":{"statusCode":404,"isOperational":true},"reference":"transfer_oGdDSCNuXKCIYaP4IZ5b9jYBFSTKmHGkkIsqR1L07YxAgeTjFZbixCZScl58av6ZoxhHUMAlBDU53lms2dYbYQrX3mb"}
2025-05-28T13:50:07.377Z [[31merror[39m]: Update withdrawal status error: {"error":"Withdrawal not found","transferRef":"transfer_w3rpMFY0KCPnv8IwSEiUVe8o6jck4G7M36P1YHROU8gt3MWuzktFBRGauILHqu1zv8YCgk6SlgxZhNbZMkQlEjDllNU"}
2025-05-28T13:50:07.378Z [[31merror[39m]: Error processing transfer success webhook: {"error":{"statusCode":404,"isOperational":true},"reference":"transfer_w3rpMFY0KCPnv8IwSEiUVe8o6jck4G7M36P1YHROU8gt3MWuzktFBRGauILHqu1zv8YCgk6SlgxZhNbZMkQlEjDllNU"}
2025-05-28T13:50:07.382Z [[31merror[39m]: Update withdrawal status error: {"error":"Withdrawal not found","transferRef":"transfer_qhdXiOIduQKLktDFnX443S9VmqYiy10Y75czMG6YT2efIjSJ0WxMqah1dHLpLs95c6NMtoxykvgn4sg7AhmtvpRRwBS"}
2025-05-28T13:50:07.382Z [[31merror[39m]: Error processing transfer success webhook: {"error":{"statusCode":404,"isOperational":true},"reference":"transfer_qhdXiOIduQKLktDFnX443S9VmqYiy10Y75czMG6YT2efIjSJ0WxMqah1dHLpLs95c6NMtoxykvgn4sg7AhmtvpRRwBS"}
2025-05-28T14:05:01.551Z [[31merror[39m]: Update withdrawal status error: {"error":"Withdrawal not found","transferRef":"transfer_db9PJKwFwEGEKFB12E5JgoBW9mtJ4N44ZxTbFmG8XI1WJzTVyJhanYDFHnq7ePCdytXMy3eIP28xSOl4wp1K0l0Yvpz"}
2025-05-28T14:05:01.552Z [[31merror[39m]: Error processing transfer success webhook: {"error":{"statusCode":404,"isOperational":true},"reference":"transfer_db9PJKwFwEGEKFB12E5JgoBW9mtJ4N44ZxTbFmG8XI1WJzTVyJhanYDFHnq7ePCdytXMy3eIP28xSOl4wp1K0l0Yvpz"}
2025-05-28T14:05:01.946Z [[31merror[39m]: Update withdrawal status error: {"error":"Withdrawal not found","transferRef":"transfer_aENe3mIOTGZXuDmUKOnZ8sUMYmnduRL4gHhqyiLGhl55oqEHMSRyPnAesZolKYEjYqYt5rXWW9Rudxr0VdwhaKs3j8P"}
2025-05-28T14:05:01.946Z [[31merror[39m]: Error processing transfer success webhook: {"error":{"statusCode":404,"isOperational":true},"reference":"transfer_aENe3mIOTGZXuDmUKOnZ8sUMYmnduRL4gHhqyiLGhl55oqEHMSRyPnAesZolKYEjYqYt5rXWW9Rudxr0VdwhaKs3j8P"}
2025-05-28T14:10:01.244Z [[31merror[39m]: Update withdrawal status error: {"error":"Withdrawal not found","transferRef":"transfer_BEZaowuU3Am6MLBE5haPN9vqjxQmoB0K4hqpb96uhSt1jDjqiyuYvq2TaH877n9Vh11RnVk0qn4RBpXjzzOjAKwuQT2"}
2025-05-28T14:10:01.245Z [[31merror[39m]: Error handling transfer approval required webhook: {"error":{"statusCode":404,"isOperational":true}}
2025-05-28T14:10:01.964Z [[31merror[39m]: Update withdrawal status error: {"error":"Withdrawal not found","transferRef":"transfer_LwZLBovTdhDlKJuZPiiAmE0f8JxvptJF3F6t7pcK65hVsfk7N2ymTMNI18euo0MISuzUmY9Okp236k0ijXaJR2DUWer"}
2025-05-28T14:10:01.965Z [[31merror[39m]: Error handling transfer approval required webhook: {"error":{"statusCode":404,"isOperational":true}}
2025-05-28T14:13:09.706Z [[31merror[39m]: Update withdrawal status error: {"error":"Withdrawal not found","transferRef":"transfer_VodtCVD9VdimouMY9RxSzsPujDhu5ECpHgpcrgOEF93AdmhHG1el8Y8b7Bt2KXcKFHsf9ICN9CROzrlsjkLqUK6PNp3"}
2025-05-28T14:13:09.707Z [[31merror[39m]: Error handling transfer approval required webhook: {"error":{"statusCode":404,"isOperational":true}}
2025-05-28T14:13:10.549Z [[31merror[39m]: Update withdrawal status error: {"error":"Withdrawal not found","transferRef":"transfer_122iF8JJC4JHy2exLi87ahM29KJzHrGI1rYwn1YUCf6QY1MayWaBRDqKLXDdmjFlunVsvqN4G01Fo5CsmoU9iEvBECv"}
2025-05-28T14:13:10.550Z [[31merror[39m]: Error handling transfer approval required webhook: {"error":{"statusCode":404,"isOperational":true}}
2025-05-28T14:15:02.205Z [[31merror[39m]: Update withdrawal status error: {"error":"Withdrawal not found","transferRef":"transfer_VodtCVD9VdimouMY9RxSzsPujDhu5ECpHgpcrgOEF93AdmhHG1el8Y8b7Bt2KXcKFHsf9ICN9CROzrlsjkLqUK6PNp3"}
2025-05-28T14:15:02.206Z [[31merror[39m]: Error processing transfer success webhook: {"error":{"statusCode":404,"isOperational":true},"reference":"transfer_VodtCVD9VdimouMY9RxSzsPujDhu5ECpHgpcrgOEF93AdmhHG1el8Y8b7Bt2KXcKFHsf9ICN9CROzrlsjkLqUK6PNp3"}
2025-05-28T14:15:02.770Z [[31merror[39m]: Update withdrawal status error: {"error":"Withdrawal not found","transferRef":"transfer_122iF8JJC4JHy2exLi87ahM29KJzHrGI1rYwn1YUCf6QY1MayWaBRDqKLXDdmjFlunVsvqN4G01Fo5CsmoU9iEvBECv"}
2025-05-28T14:15:02.771Z [[31merror[39m]: Error processing transfer success webhook: {"error":{"statusCode":404,"isOperational":true},"reference":"transfer_122iF8JJC4JHy2exLi87ahM29KJzHrGI1rYwn1YUCf6QY1MayWaBRDqKLXDdmjFlunVsvqN4G01Fo5CsmoU9iEvBECv"}
2025-05-28T14:15:06.647Z [[31merror[39m]: Update withdrawal status error: {"error":"Withdrawal not found","transferRef":"transfer_LwZLBovTdhDlKJuZPiiAmE0f8JxvptJF3F6t7pcK65hVsfk7N2ymTMNI18euo0MISuzUmY9Okp236k0ijXaJR2DUWer"}
2025-05-28T14:15:06.648Z [[31merror[39m]: Error processing transfer success webhook: {"error":{"statusCode":404,"isOperational":true},"reference":"transfer_LwZLBovTdhDlKJuZPiiAmE0f8JxvptJF3F6t7pcK65hVsfk7N2ymTMNI18euo0MISuzUmY9Okp236k0ijXaJR2DUWer"}
2025-05-28T14:15:07.169Z [[31merror[39m]: Update withdrawal status error: {"error":"Withdrawal not found","transferRef":"transfer_BEZaowuU3Am6MLBE5haPN9vqjxQmoB0K4hqpb96uhSt1jDjqiyuYvq2TaH877n9Vh11RnVk0qn4RBpXjzzOjAKwuQT2"}
2025-05-28T14:15:07.170Z [[31merror[39m]: Error processing transfer success webhook: {"error":{"statusCode":404,"isOperational":true},"reference":"transfer_BEZaowuU3Am6MLBE5haPN9vqjxQmoB0K4hqpb96uhSt1jDjqiyuYvq2TaH877n9Vh11RnVk0qn4RBpXjzzOjAKwuQT2"}
2025-05-28T14:16:12.916Z [[31merror[39m]: Update withdrawal status error: {"error":"Withdrawal not found","transferRef":"transfer_kEMWLMFDWFImaiTTotWMjM7tJVmKV2W4Sj0lc5ONrG9TkLZHNZ4cqVVuehaMlcNGYLvk1gEqJ7ekTqyqhyS2quQXLwd"}
2025-05-28T14:16:12.917Z [[31merror[39m]: Error handling transfer approval required webhook: {"error":{"statusCode":404,"isOperational":true}}
2025-05-28T14:16:13.631Z [[31merror[39m]: Update withdrawal status error: {"error":"Withdrawal not found","transferRef":"transfer_umi5VCEhQNKxz0DzRftnKmTDNf98iiiybxCEd6h71oHhw9JL1tuDkTWc5BGjr5C2aJyXtctiCC3XymUWeEHYYVoUkaL"}
2025-05-28T14:16:13.631Z [[31merror[39m]: Error handling transfer approval required webhook: {"error":{"statusCode":404,"isOperational":true}}
2025-05-28T14:20:05.510Z [[31merror[39m]: Update withdrawal status error: {"error":"Withdrawal not found","transferRef":"transfer_umi5VCEhQNKxz0DzRftnKmTDNf98iiiybxCEd6h71oHhw9JL1tuDkTWc5BGjr5C2aJyXtctiCC3XymUWeEHYYVoUkaL"}
2025-05-28T14:20:05.513Z [[31merror[39m]: Error processing transfer success webhook: {"error":{"statusCode":404,"isOperational":true},"reference":"transfer_umi5VCEhQNKxz0DzRftnKmTDNf98iiiybxCEd6h71oHhw9JL1tuDkTWc5BGjr5C2aJyXtctiCC3XymUWeEHYYVoUkaL"}
2025-05-28T14:20:06.066Z [[31merror[39m]: Update withdrawal status error: {"error":"Withdrawal not found","transferRef":"transfer_kEMWLMFDWFImaiTTotWMjM7tJVmKV2W4Sj0lc5ONrG9TkLZHNZ4cqVVuehaMlcNGYLvk1gEqJ7ekTqyqhyS2quQXLwd"}
2025-05-28T14:20:06.067Z [[31merror[39m]: Error processing transfer success webhook: {"error":{"statusCode":404,"isOperational":true},"reference":"transfer_kEMWLMFDWFImaiTTotWMjM7tJVmKV2W4Sj0lc5ONrG9TkLZHNZ4cqVVuehaMlcNGYLvk1gEqJ7ekTqyqhyS2quQXLwd"}
2025-05-28T14:28:46.174Z [[31merror[39m]: Update withdrawal status error: {"error":"Withdrawal not found","transferRef":"transfer_23eUej8BSHksX3pzEoNagVqYo0Viuxs46EUUCqGhSBYH3mz9Rqu1tzTntjrD0JsrTZaog2bg3xjA7Ysp7o4LGDvaf5x"}
2025-05-28T14:28:46.174Z [[31merror[39m]: Error handling transfer approval required webhook: {"error":{"statusCode":404,"isOperational":true}}
2025-05-28T14:28:46.193Z [[31merror[39m]: Update withdrawal status error: {"error":"Withdrawal not found","transferRef":"transfer_n6RAvpyPbCCqZI9HVfS6nkax2de4bFGAqfpnd7WY2gP0eCiH108WI2gpCQtamhTRkMrPTNFHbCM4aBlL0NcCNCR0BQ7"}
2025-05-28T14:28:46.193Z [[31merror[39m]: Error handling transfer approval required webhook: {"error":{"statusCode":404,"isOperational":true}}
2025-05-28T14:30:01.792Z [[31merror[39m]: Update withdrawal status error: {"error":"Withdrawal not found","transferRef":"transfer_23eUej8BSHksX3pzEoNagVqYo0Viuxs46EUUCqGhSBYH3mz9Rqu1tzTntjrD0JsrTZaog2bg3xjA7Ysp7o4LGDvaf5x"}
2025-05-28T14:30:01.793Z [[31merror[39m]: Error processing transfer success webhook: {"error":{"statusCode":404,"isOperational":true},"reference":"transfer_23eUej8BSHksX3pzEoNagVqYo0Viuxs46EUUCqGhSBYH3mz9Rqu1tzTntjrD0JsrTZaog2bg3xjA7Ysp7o4LGDvaf5x"}
2025-05-28T14:30:01.804Z [[31merror[39m]: Update withdrawal status error: {"error":"Withdrawal not found","transferRef":"transfer_n6RAvpyPbCCqZI9HVfS6nkax2de4bFGAqfpnd7WY2gP0eCiH108WI2gpCQtamhTRkMrPTNFHbCM4aBlL0NcCNCR0BQ7"}
2025-05-28T14:30:01.805Z [[31merror[39m]: Error processing transfer success webhook: {"error":{"statusCode":404,"isOperational":true},"reference":"transfer_n6RAvpyPbCCqZI9HVfS6nkax2de4bFGAqfpnd7WY2gP0eCiH108WI2gpCQtamhTRkMrPTNFHbCM4aBlL0NcCNCR0BQ7"}
2025-05-28T14:30:04.034Z [[31merror[39m]: Update withdrawal status error: {"error":"Withdrawal not found","transferRef":"transfer_Kv11GHe1xqO2cqNv1GucnU2UCszQj5fhw5zWdN7IBzBwiadoY1o7oWREm4k4P9SJCFTnQnsOa1hiswcB6u05TEKe02D"}
2025-05-28T14:30:04.035Z [[31merror[39m]: Error handling transfer approval required webhook: {"error":{"statusCode":404,"isOperational":true}}
2025-05-28T14:30:04.374Z [[31merror[39m]: Update withdrawal status error: {"error":"Withdrawal not found","transferRef":"transfer_4nKBbznhvi2lM0aaGQRElZkoprnY1Vvn05g12fMs80EsnMG7Xx74mhNQx6HefinZisIab0hjr2t9eD2SbnTBrSBt7Gr"}
2025-05-28T14:30:04.375Z [[31merror[39m]: Error handling transfer approval required webhook: {"error":{"statusCode":404,"isOperational":true}}
2025-05-28T14:30:32.402Z [[31merror[39m]: Update withdrawal status error: {"error":"Withdrawal not found","transferRef":"transfer_UUOi1oPieyUPOOeP8sEbuCFqjwW2TRlEDG98M8IBmya9MSsGuXB6vJL0lfuVrWN8nC2KYbbRNVuJXI5gj44YYDcZasd"}
2025-05-28T14:30:32.404Z [[31merror[39m]: Error handling transfer approval required webhook: {"error":{"statusCode":404,"isOperational":true}}
2025-05-28T14:30:33.682Z [[31merror[39m]: Update withdrawal status error: {"error":"Withdrawal not found","transferRef":"transfer_M0XgblkMCbsAJbX5vfxdgHgpKg0DdBBZ6TMH6ZNxmFtEj9ZMOxCU6wy2GWE1fEXFLNuGQgYAgvs9pnacESjPCsZZcJX"}
2025-05-28T14:30:33.684Z [[31merror[39m]: Error handling transfer approval required webhook: {"error":{"statusCode":404,"isOperational":true}}
2025-05-28T14:31:01.858Z [[31merror[39m]: Update withdrawal status error: {"error":"Withdrawal not found","transferRef":"transfer_Rx3h3LCb2X9yjRqkTu1Hae0HNaeuF1zpJXdr9dkSvMs047kUfwBFvrE4qtKKHn5njVu6Ofwj78Al05zqQWQPRfJW7qx"}
2025-05-28T14:31:01.859Z [[31merror[39m]: Error handling transfer approval required webhook: {"error":{"statusCode":404,"isOperational":true}}
2025-05-28T14:31:02.332Z [[31merror[39m]: Update withdrawal status error: {"error":"Withdrawal not found","transferRef":"transfer_4KIyS6ezAXbtqf8w3GzCqURtxUsekYO0a6mTnwKi3XCvKU3np5fdLcotzlLQZIkWzgtSZl4XvTOnGbKcw3oySZ0r0SB"}
2025-05-28T14:31:02.332Z [[31merror[39m]: Error handling transfer approval required webhook: {"error":{"statusCode":404,"isOperational":true}}
2025-05-28T14:33:16.728Z [[31merror[39m]: Update withdrawal status error: {"error":"Withdrawal not found","transferRef":"transfer_9ngrim9tbuBQRTVdyXbCFq4NCogL5XAS2Ful1tHIZLG6DpmPwah3uQ7Pzkif0pi1VbgDO9fAfJY0oYs5MSINMVssLXs"}
2025-05-28T14:33:16.730Z [[31merror[39m]: Error handling transfer approval required webhook: {"error":{"statusCode":404,"isOperational":true}}
2025-05-28T14:33:17.215Z [[31merror[39m]: Update withdrawal status error: {"error":"Withdrawal not found","transferRef":"transfer_iocaklTfMxRVdGGdFtosfZtQ6AopASmUNidvdrA2EzmZxkZtRN4WSjOB9lj0BKhpAgpJJt8zjce7sFyGpBxmjz4LPPT"}
2025-05-28T14:33:17.217Z [[31merror[39m]: Error handling transfer approval required webhook: {"error":{"statusCode":404,"isOperational":true}}
2025-05-28T14:35:03.433Z [[31merror[39m]: Update withdrawal status error: {"error":"Withdrawal not found","transferRef":"transfer_iocaklTfMxRVdGGdFtosfZtQ6AopASmUNidvdrA2EzmZxkZtRN4WSjOB9lj0BKhpAgpJJt8zjce7sFyGpBxmjz4LPPT"}
2025-05-28T14:35:03.435Z [[31merror[39m]: Error processing transfer success webhook: {"error":{"statusCode":404,"isOperational":true},"reference":"transfer_iocaklTfMxRVdGGdFtosfZtQ6AopASmUNidvdrA2EzmZxkZtRN4WSjOB9lj0BKhpAgpJJt8zjce7sFyGpBxmjz4LPPT"}
2025-05-28T14:35:03.455Z [[31merror[39m]: Update withdrawal status error: {"error":"Withdrawal not found","transferRef":"transfer_9ngrim9tbuBQRTVdyXbCFq4NCogL5XAS2Ful1tHIZLG6DpmPwah3uQ7Pzkif0pi1VbgDO9fAfJY0oYs5MSINMVssLXs"}
2025-05-28T14:35:03.456Z [[31merror[39m]: Error processing transfer success webhook: {"error":{"statusCode":404,"isOperational":true},"reference":"transfer_9ngrim9tbuBQRTVdyXbCFq4NCogL5XAS2Ful1tHIZLG6DpmPwah3uQ7Pzkif0pi1VbgDO9fAfJY0oYs5MSINMVssLXs"}
2025-05-28T14:35:08.388Z [[31merror[39m]: Update withdrawal status error: {"error":"Withdrawal not found","transferRef":"transfer_4KIyS6ezAXbtqf8w3GzCqURtxUsekYO0a6mTnwKi3XCvKU3np5fdLcotzlLQZIkWzgtSZl4XvTOnGbKcw3oySZ0r0SB"}
2025-05-28T14:35:08.389Z [[31merror[39m]: Error processing transfer success webhook: {"error":{"statusCode":404,"isOperational":true},"reference":"transfer_4KIyS6ezAXbtqf8w3GzCqURtxUsekYO0a6mTnwKi3XCvKU3np5fdLcotzlLQZIkWzgtSZl4XvTOnGbKcw3oySZ0r0SB"}
2025-05-28T14:35:08.393Z [[31merror[39m]: Update withdrawal status error: {"error":"Withdrawal not found","transferRef":"transfer_Rx3h3LCb2X9yjRqkTu1Hae0HNaeuF1zpJXdr9dkSvMs047kUfwBFvrE4qtKKHn5njVu6Ofwj78Al05zqQWQPRfJW7qx"}
2025-05-28T14:35:08.394Z [[31merror[39m]: Error processing transfer success webhook: {"error":{"statusCode":404,"isOperational":true},"reference":"transfer_Rx3h3LCb2X9yjRqkTu1Hae0HNaeuF1zpJXdr9dkSvMs047kUfwBFvrE4qtKKHn5njVu6Ofwj78Al05zqQWQPRfJW7qx"}
2025-05-28T14:35:08.563Z [[31merror[39m]: Update withdrawal status error: {"error":"Withdrawal not found","transferRef":"transfer_M0XgblkMCbsAJbX5vfxdgHgpKg0DdBBZ6TMH6ZNxmFtEj9ZMOxCU6wy2GWE1fEXFLNuGQgYAgvs9pnacESjPCsZZcJX"}
2025-05-28T14:35:08.564Z [[31merror[39m]: Error processing transfer success webhook: {"error":{"statusCode":404,"isOperational":true},"reference":"transfer_M0XgblkMCbsAJbX5vfxdgHgpKg0DdBBZ6TMH6ZNxmFtEj9ZMOxCU6wy2GWE1fEXFLNuGQgYAgvs9pnacESjPCsZZcJX"}
2025-05-28T14:35:09.703Z [[31merror[39m]: Update withdrawal status error: {"error":"Withdrawal not found","transferRef":"transfer_UUOi1oPieyUPOOeP8sEbuCFqjwW2TRlEDG98M8IBmya9MSsGuXB6vJL0lfuVrWN8nC2KYbbRNVuJXI5gj44YYDcZasd"}
2025-05-28T14:35:09.704Z [[31merror[39m]: Error processing transfer success webhook: {"error":{"statusCode":404,"isOperational":true},"reference":"transfer_UUOi1oPieyUPOOeP8sEbuCFqjwW2TRlEDG98M8IBmya9MSsGuXB6vJL0lfuVrWN8nC2KYbbRNVuJXI5gj44YYDcZasd"}
2025-05-28T14:35:09.847Z [[31merror[39m]: Update withdrawal status error: {"error":"Withdrawal not found","transferRef":"transfer_4nKBbznhvi2lM0aaGQRElZkoprnY1Vvn05g12fMs80EsnMG7Xx74mhNQx6HefinZisIab0hjr2t9eD2SbnTBrSBt7Gr"}
2025-05-28T14:35:09.848Z [[31merror[39m]: Error processing transfer success webhook: {"error":{"statusCode":404,"isOperational":true},"reference":"transfer_4nKBbznhvi2lM0aaGQRElZkoprnY1Vvn05g12fMs80EsnMG7Xx74mhNQx6HefinZisIab0hjr2t9eD2SbnTBrSBt7Gr"}
2025-05-28T14:35:10.078Z [[31merror[39m]: Update withdrawal status error: {"error":"Withdrawal not found","transferRef":"transfer_Kv11GHe1xqO2cqNv1GucnU2UCszQj5fhw5zWdN7IBzBwiadoY1o7oWREm4k4P9SJCFTnQnsOa1hiswcB6u05TEKe02D"}
2025-05-28T14:35:10.079Z [[31merror[39m]: Error processing transfer success webhook: {"error":{"statusCode":404,"isOperational":true},"reference":"transfer_Kv11GHe1xqO2cqNv1GucnU2UCszQj5fhw5zWdN7IBzBwiadoY1o7oWREm4k4P9SJCFTnQnsOa1hiswcB6u05TEKe02D"}
2025-05-28T14:36:02.932Z [[31merror[39m]: Update withdrawal status error: {"error":"Withdrawal not found","transferRef":"transfer_nAtEMHQtog1JIOYWz8ypfuybFYax27JwtOhpq4iCImaFApdjFBPKJz4nB4c1ueALWhr4uRcTtE82aDDYBEoJBwg9HAP"}
2025-05-28T14:36:02.934Z [[31merror[39m]: Error handling transfer approval required webhook: {"error":{"statusCode":404,"isOperational":true}}
2025-05-28T14:36:30.259Z [[31merror[39m]: Process withdrawal error: {"error":"Request failed with status code 504","withdrawalId":"iGJeUwitOm"}
2025-05-28T14:36:30.870Z [[31merror[39m]: Update withdrawal status error: {"error":"Withdrawal not found","transferRef":"transfer_8fAUmqoquRV9PwmO4rVTrSC3PJUdjfSnXDSBQf3w6HjycbdHGXnnDf7j1PQCbx2ldUtozdrKbM16SznWiISQpiH2CEr"}
2025-05-28T14:36:30.870Z [[31merror[39m]: Error handling transfer approval required webhook: {"error":{"statusCode":404,"isOperational":true}}
2025-05-28T14:36:49.371Z [[31merror[39m]: Update withdrawal status error: {"error":"Withdrawal not found","transferRef":"transfer_9vkOAfaGAVqooSreyiVrbuEmt0xbK69IL8Yj9pvgy76ABptjKXwYhcH8OlDdV2r8p2nGkF1StlCyaaDVdZGGUtOidPl"}
2025-05-28T14:36:49.372Z [[31merror[39m]: Error handling transfer approval required webhook: {"error":{"statusCode":404,"isOperational":true}}
2025-05-28T14:36:49.445Z [[31merror[39m]: Update withdrawal status error: {"error":"Withdrawal not found","transferRef":"transfer_v67VUU5eOW6QMh2gyvMLYaoNDHh9iRJZL3SLPeG0DhbIbo7YwXSX85iCg0jTkNfD290NjUqXW45DSFcUOq6u3A7iwP8"}
2025-05-28T14:36:49.445Z [[31merror[39m]: Error handling transfer approval required webhook: {"error":{"statusCode":404,"isOperational":true}}
2025-05-28T14:37:18.391Z [[31merror[39m]: Update withdrawal status error: {"error":"Withdrawal not found","transferRef":"transfer_40EEhZuBQmh4gK0qrc2S5azHtOe4WGglzDFyOxFrncQQpB3k0VtZ470qJ2v27oG0IOcewgaXQZ4j7qhtGI7ag8RzWLe"}
2025-05-28T14:37:18.393Z [[31merror[39m]: Error handling transfer approval required webhook: {"error":{"statusCode":404,"isOperational":true}}
2025-05-28T14:37:18.458Z [[31merror[39m]: Update withdrawal status error: {"error":"Withdrawal not found","transferRef":"transfer_tLQvrfGhI6JxUSCKOIC12eAXkW3g9ZLoPYb2XX4YvKPnsV9p2mvkZhvfQoMvCZUknfU6X8pfEUCc4hsUjDVVsQ8FnL1"}
2025-05-28T14:37:18.459Z [[31merror[39m]: Error handling transfer approval required webhook: {"error":{"statusCode":404,"isOperational":true}}
2025-05-28T14:37:43.576Z [[31merror[39m]: Error handling transfer approval required webhook: {"error":{}}
2025-05-28T14:37:45.034Z [[31merror[39m]: Error handling transfer approval required webhook: {"error":{}}
2025-05-28T14:38:10.902Z [[31merror[39m]: Error handling transfer approval required webhook: {"error":{}}
2025-05-28T14:38:11.586Z [[31merror[39m]: Error handling transfer approval required webhook: {"error":{}}
2025-05-28T14:39:35.811Z [[31merror[39m]: Update withdrawal status error: {"error":"Withdrawal not found","transferRef":"transfer_AVJEsp7sgJjYdLcnYI1d2ehjvOeGEta0dI5ady4eREhdTKgSgQDl1mon7YZDX2nLQngghGmphAoPrB2mPlVDXiqYVWl"}
2025-05-28T14:39:35.811Z [[31merror[39m]: Error handling transfer approval required webhook: {"error":{"statusCode":404,"isOperational":true}}
2025-05-28T14:39:35.814Z [[31merror[39m]: Update withdrawal status error: {"error":"Withdrawal not found","transferRef":"transfer_Y8cpO0Nbb8RkwJPfnp4ppx8aMmA91KWqm6LAQN94PBu2VqDIu6Dy2hMGVA55oEBXPnNyZYzfBft4RO2SFHyDcwiYRBA"}
2025-05-28T14:39:35.814Z [[31merror[39m]: Error handling transfer approval required webhook: {"error":{"statusCode":404,"isOperational":true}}
2025-05-28T14:39:59.921Z [[31merror[39m]: Update withdrawal status error: {"error":"Withdrawal not found","transferRef":"transfer_Y8cpO0Nbb8RkwJPfnp4ppx8aMmA91KWqm6LAQN94PBu2VqDIu6Dy2hMGVA55oEBXPnNyZYzfBft4RO2SFHyDcwiYRBA"}
2025-05-28T14:39:59.922Z [[31merror[39m]: Error processing transfer success webhook: {"error":{"statusCode":404,"isOperational":true},"reference":"transfer_Y8cpO0Nbb8RkwJPfnp4ppx8aMmA91KWqm6LAQN94PBu2VqDIu6Dy2hMGVA55oEBXPnNyZYzfBft4RO2SFHyDcwiYRBA"}
2025-05-28T14:40:00.025Z [[31merror[39m]: Update withdrawal status error: {"error":"Withdrawal not found","transferRef":"transfer_AVJEsp7sgJjYdLcnYI1d2ehjvOeGEta0dI5ady4eREhdTKgSgQDl1mon7YZDX2nLQngghGmphAoPrB2mPlVDXiqYVWl"}
2025-05-28T14:40:00.025Z [[31merror[39m]: Error processing transfer success webhook: {"error":{"statusCode":404,"isOperational":true},"reference":"transfer_AVJEsp7sgJjYdLcnYI1d2ehjvOeGEta0dI5ady4eREhdTKgSgQDl1mon7YZDX2nLQngghGmphAoPrB2mPlVDXiqYVWl"}
2025-05-28T14:40:02.102Z [[31merror[39m]: Update withdrawal status error: {"error":"Withdrawal not found","transferRef":"transfer_M2YLVZaKdvClvqqw3SBm4zL9y1FdsE1ZKZ5eYTUBNKbw4DGzaqLBkxtEMrjcJKolnTtz5SCVWnwd39DU5p8uKF844tv"}
2025-05-28T14:40:02.103Z [[31merror[39m]: Error processing transfer success webhook: {"error":{"statusCode":404,"isOperational":true},"reference":"transfer_M2YLVZaKdvClvqqw3SBm4zL9y1FdsE1ZKZ5eYTUBNKbw4DGzaqLBkxtEMrjcJKolnTtz5SCVWnwd39DU5p8uKF844tv"}
2025-05-28T14:40:02.211Z [[31merror[39m]: Update withdrawal status error: {"error":"Withdrawal not found","transferRef":"transfer_B4ldqoifn8qSTsXGWlOHcEclldAkj1tS4aS7z31OXDq2HL9hQRqINwDrFzExILRdlTCSj2UKVunU51QjDAcHQOIH0oO"}
2025-05-28T14:40:02.212Z [[31merror[39m]: Error processing transfer success webhook: {"error":{"statusCode":404,"isOperational":true},"reference":"transfer_B4ldqoifn8qSTsXGWlOHcEclldAkj1tS4aS7z31OXDq2HL9hQRqINwDrFzExILRdlTCSj2UKVunU51QjDAcHQOIH0oO"}
2025-05-28T14:40:02.817Z [[31merror[39m]: Update withdrawal status error: {"error":"Withdrawal not found","transferRef":"transfer_IsYVkvoQJO2syAcHX9GOWmaldwbe0n1FzHhbF0WfIXrkWbucVUEYooIYK8RadDxNIRNxLqwubZHH3AVSNPiEUArY47C"}
2025-05-28T14:40:02.818Z [[31merror[39m]: Error processing transfer success webhook: {"error":{"statusCode":404,"isOperational":true},"reference":"transfer_IsYVkvoQJO2syAcHX9GOWmaldwbe0n1FzHhbF0WfIXrkWbucVUEYooIYK8RadDxNIRNxLqwubZHH3AVSNPiEUArY47C"}
2025-05-28T14:40:02.997Z [[31merror[39m]: Update withdrawal status error: {"error":"Withdrawal not found","transferRef":"transfer_reIS3W4PvNRyFI2lJYJnGtYAQDWQZbatTcosmCXNQcPyr2deSuMKftR6miOWze6nTs2PGS8LQFzzRIkkMQusvBfR4yG"}
2025-05-28T14:40:02.998Z [[31merror[39m]: Error processing transfer success webhook: {"error":{"statusCode":404,"isOperational":true},"reference":"transfer_reIS3W4PvNRyFI2lJYJnGtYAQDWQZbatTcosmCXNQcPyr2deSuMKftR6miOWze6nTs2PGS8LQFzzRIkkMQusvBfR4yG"}
2025-05-28T14:40:13.356Z [[31merror[39m]: Update withdrawal status error: {"error":"Withdrawal not found","transferRef":"transfer_RyUQXxs32ke4AEeLqI8wzTUYCSbRYJ1fVjQF7cx3G8FFFZu6sd35CDH4m7CFEcyEJd2nst1mKgbLYN9PZRLOIKpDU7R"}
2025-05-28T14:40:13.357Z [[31merror[39m]: Error handling transfer approval required webhook: {"error":{"statusCode":404,"isOperational":true}}
2025-05-28T14:40:13.940Z [[31merror[39m]: Update withdrawal status error: {"error":"Withdrawal not found","transferRef":"transfer_7C7AfsuAMz6pmziaeHqzcwjR5AorcfL5cTnW6pLNOYfnxyNZN1QbcWivRY8jVtJERKzIHBHRgLOuRFqClr8FH6ME3Ye"}
2025-05-28T14:40:13.941Z [[31merror[39m]: Error handling transfer approval required webhook: {"error":{"statusCode":404,"isOperational":true}}
2025-05-28T14:42:45.864Z [[31merror[39m]: Update withdrawal status error: {"error":"Withdrawal not found","transferRef":"transfer_WUh6yUpvH314JDxAFsOD8GzWk3YAuGsMITp3tKWxRpjkwZx1IQqwuUO6hWWRDmEI04dMufRM7JprxzUBpzSgiml6K1u"}
2025-05-28T14:42:45.865Z [[31merror[39m]: Error handling transfer approval required webhook: {"error":{"statusCode":404,"isOperational":true}}
2025-05-28T14:42:46.422Z [[31merror[39m]: Update withdrawal status error: {"error":"Withdrawal not found","transferRef":"transfer_5Mpm5ENcdJ6Gqbio1OSEZsd0fpFnXZ2d064YdSX4nzCjAlN3dcQyen3ZSoDCSGV2b0OsSaG5ShCMhiSQYKsH7uyrb4A"}
2025-05-28T14:42:46.423Z [[31merror[39m]: Error handling transfer approval required webhook: {"error":{"statusCode":404,"isOperational":true}}
2025-05-28T14:45:03.780Z [[31merror[39m]: Update withdrawal status error: {"error":"Withdrawal not found","transferRef":"transfer_5Mpm5ENcdJ6Gqbio1OSEZsd0fpFnXZ2d064YdSX4nzCjAlN3dcQyen3ZSoDCSGV2b0OsSaG5ShCMhiSQYKsH7uyrb4A"}
2025-05-28T14:45:03.781Z [[31merror[39m]: Error processing transfer success webhook: {"error":{"statusCode":404,"isOperational":true},"reference":"transfer_5Mpm5ENcdJ6Gqbio1OSEZsd0fpFnXZ2d064YdSX4nzCjAlN3dcQyen3ZSoDCSGV2b0OsSaG5ShCMhiSQYKsH7uyrb4A"}
2025-05-28T14:45:04.289Z [[31merror[39m]: Update withdrawal status error: {"error":"Withdrawal not found","transferRef":"transfer_WUh6yUpvH314JDxAFsOD8GzWk3YAuGsMITp3tKWxRpjkwZx1IQqwuUO6hWWRDmEI04dMufRM7JprxzUBpzSgiml6K1u"}
2025-05-28T14:45:04.290Z [[31merror[39m]: Error processing transfer success webhook: {"error":{"statusCode":404,"isOperational":true},"reference":"transfer_WUh6yUpvH314JDxAFsOD8GzWk3YAuGsMITp3tKWxRpjkwZx1IQqwuUO6hWWRDmEI04dMufRM7JprxzUBpzSgiml6K1u"}
2025-05-28T14:45:06.763Z [[31merror[39m]: Update withdrawal status error: {"error":"Withdrawal not found","transferRef":"transfer_7C7AfsuAMz6pmziaeHqzcwjR5AorcfL5cTnW6pLNOYfnxyNZN1QbcWivRY8jVtJERKzIHBHRgLOuRFqClr8FH6ME3Ye"}
2025-05-28T14:45:06.764Z [[31merror[39m]: Error processing transfer success webhook: {"error":{"statusCode":404,"isOperational":true},"reference":"transfer_7C7AfsuAMz6pmziaeHqzcwjR5AorcfL5cTnW6pLNOYfnxyNZN1QbcWivRY8jVtJERKzIHBHRgLOuRFqClr8FH6ME3Ye"}
2025-05-28T14:45:07.374Z [[31merror[39m]: Update withdrawal status error: {"error":"Withdrawal not found","transferRef":"transfer_RyUQXxs32ke4AEeLqI8wzTUYCSbRYJ1fVjQF7cx3G8FFFZu6sd35CDH4m7CFEcyEJd2nst1mKgbLYN9PZRLOIKpDU7R"}
2025-05-28T14:45:07.375Z [[31merror[39m]: Error processing transfer success webhook: {"error":{"statusCode":404,"isOperational":true},"reference":"transfer_RyUQXxs32ke4AEeLqI8wzTUYCSbRYJ1fVjQF7cx3G8FFFZu6sd35CDH4m7CFEcyEJd2nst1mKgbLYN9PZRLOIKpDU7R"}
2025-05-28T14:45:07.561Z [[31merror[39m]: Update withdrawal status error: {"error":"Withdrawal not found","transferRef":"transfer_tLQvrfGhI6JxUSCKOIC12eAXkW3g9ZLoPYb2XX4YvKPnsV9p2mvkZhvfQoMvCZUknfU6X8pfEUCc4hsUjDVVsQ8FnL1"}
2025-05-28T14:45:07.562Z [[31merror[39m]: Error processing transfer success webhook: {"error":{"statusCode":404,"isOperational":true},"reference":"transfer_tLQvrfGhI6JxUSCKOIC12eAXkW3g9ZLoPYb2XX4YvKPnsV9p2mvkZhvfQoMvCZUknfU6X8pfEUCc4hsUjDVVsQ8FnL1"}
2025-05-28T14:45:07.565Z [[31merror[39m]: Update withdrawal status error: {"error":"Withdrawal not found","transferRef":"transfer_40EEhZuBQmh4gK0qrc2S5azHtOe4WGglzDFyOxFrncQQpB3k0VtZ470qJ2v27oG0IOcewgaXQZ4j7qhtGI7ag8RzWLe"}
2025-05-28T14:45:07.566Z [[31merror[39m]: Error processing transfer success webhook: {"error":{"statusCode":404,"isOperational":true},"reference":"transfer_40EEhZuBQmh4gK0qrc2S5azHtOe4WGglzDFyOxFrncQQpB3k0VtZ470qJ2v27oG0IOcewgaXQZ4j7qhtGI7ag8RzWLe"}
2025-05-28T14:45:07.779Z [[31merror[39m]: Update withdrawal status error: {"error":"Withdrawal not found","transferRef":"transfer_v67VUU5eOW6QMh2gyvMLYaoNDHh9iRJZL3SLPeG0DhbIbo7YwXSX85iCg0jTkNfD290NjUqXW45DSFcUOq6u3A7iwP8"}
2025-05-28T14:45:07.780Z [[31merror[39m]: Error processing transfer success webhook: {"error":{"statusCode":404,"isOperational":true},"reference":"transfer_v67VUU5eOW6QMh2gyvMLYaoNDHh9iRJZL3SLPeG0DhbIbo7YwXSX85iCg0jTkNfD290NjUqXW45DSFcUOq6u3A7iwP8"}
2025-05-28T14:45:08.033Z [[31merror[39m]: Update withdrawal status error: {"error":"Withdrawal not found","transferRef":"transfer_9vkOAfaGAVqooSreyiVrbuEmt0xbK69IL8Yj9pvgy76ABptjKXwYhcH8OlDdV2r8p2nGkF1StlCyaaDVdZGGUtOidPl"}
2025-05-28T14:45:08.034Z [[31merror[39m]: Error processing transfer success webhook: {"error":{"statusCode":404,"isOperational":true},"reference":"transfer_9vkOAfaGAVqooSreyiVrbuEmt0xbK69IL8Yj9pvgy76ABptjKXwYhcH8OlDdV2r8p2nGkF1StlCyaaDVdZGGUtOidPl"}
2025-05-28T14:45:08.292Z [[31merror[39m]: Update withdrawal status error: {"error":"Withdrawal not found","transferRef":"transfer_8fAUmqoquRV9PwmO4rVTrSC3PJUdjfSnXDSBQf3w6HjycbdHGXnnDf7j1PQCbx2ldUtozdrKbM16SznWiISQpiH2CEr"}
2025-05-28T14:45:08.293Z [[31merror[39m]: Error processing transfer success webhook: {"error":{"statusCode":404,"isOperational":true},"reference":"transfer_8fAUmqoquRV9PwmO4rVTrSC3PJUdjfSnXDSBQf3w6HjycbdHGXnnDf7j1PQCbx2ldUtozdrKbM16SznWiISQpiH2CEr"}
2025-05-28T14:45:08.527Z [[31merror[39m]: Update withdrawal status error: {"error":"Withdrawal not found","transferRef":"transfer_nAtEMHQtog1JIOYWz8ypfuybFYax27JwtOhpq4iCImaFApdjFBPKJz4nB4c1ueALWhr4uRcTtE82aDDYBEoJBwg9HAP"}
2025-05-28T14:45:08.528Z [[31merror[39m]: Error processing transfer success webhook: {"error":{"statusCode":404,"isOperational":true},"reference":"transfer_nAtEMHQtog1JIOYWz8ypfuybFYax27JwtOhpq4iCImaFApdjFBPKJz4nB4c1ueALWhr4uRcTtE82aDDYBEoJBwg9HAP"}
2025-05-28T14:47:49.918Z [[31merror[39m]: Update payment status error: {"error":"Payment not found","reference":"T910859897712466"}
2025-05-28T14:47:49.919Z [[31merror[39m]: Error processing payment webhook: {"error":{"statusCode":404,"isOperational":true},"reference":"T910859897712466"}
2025-05-28T14:48:24.648Z [[31merror[39m]: Update withdrawal status error: {"error":"Withdrawal not found","transferRef":"transfer_VcFrFdv52PwIhrUvv0wzuVN8SheGI35PDaDS5JCoP4Wrc0q8LpYks4ppunneIvBWURIO0krBI56eTEOtfud3ZVyHnRQ"}
2025-05-28T14:48:24.649Z [[31merror[39m]: Error handling transfer approval required webhook: {"error":{"statusCode":404,"isOperational":true}}
2025-05-28T14:48:25.376Z [[31merror[39m]: Update withdrawal status error: {"error":"Withdrawal not found","transferRef":"transfer_8uo3uh54iUbuIxqomSPcgNmoNcqrxaQErT8fl3ym9G23LCDaI5ktXOIsPpL5DjNUk1RaCizWCoWt0MjrVMh2AGhJ2U9"}
2025-05-28T14:48:25.376Z [[31merror[39m]: Error handling transfer approval required webhook: {"error":{"statusCode":404,"isOperational":true}}
2025-05-28T14:48:25.853Z [[31merror[39m]: Update withdrawal status error: {"error":"Withdrawal not found","transferRef":"transfer_ZZdXm7jnNJC8bTuo5NFjkf84Ko9feN34mzzjIKGsRGNBFdPXOKJ8xtAYnfMC4H9OkeBnYgsZr7YJVfNwbgI2u6Daysq"}
2025-05-28T14:48:25.854Z [[31merror[39m]: Error handling transfer approval required webhook: {"error":{"statusCode":404,"isOperational":true}}
2025-05-28T14:50:02.026Z [[31merror[39m]: Update withdrawal status error: {"error":"Withdrawal not found","transferRef":"transfer_ZZdXm7jnNJC8bTuo5NFjkf84Ko9feN34mzzjIKGsRGNBFdPXOKJ8xtAYnfMC4H9OkeBnYgsZr7YJVfNwbgI2u6Daysq"}
2025-05-28T14:50:02.027Z [[31merror[39m]: Error processing transfer success webhook: {"error":{"statusCode":404,"isOperational":true},"reference":"transfer_ZZdXm7jnNJC8bTuo5NFjkf84Ko9feN34mzzjIKGsRGNBFdPXOKJ8xtAYnfMC4H9OkeBnYgsZr7YJVfNwbgI2u6Daysq"}
2025-05-28T14:50:02.610Z [[31merror[39m]: Update withdrawal status error: {"error":"Withdrawal not found","transferRef":"transfer_VcFrFdv52PwIhrUvv0wzuVN8SheGI35PDaDS5JCoP4Wrc0q8LpYks4ppunneIvBWURIO0krBI56eTEOtfud3ZVyHnRQ"}
2025-05-28T14:50:02.610Z [[31merror[39m]: Error processing transfer success webhook: {"error":{"statusCode":404,"isOperational":true},"reference":"transfer_VcFrFdv52PwIhrUvv0wzuVN8SheGI35PDaDS5JCoP4Wrc0q8LpYks4ppunneIvBWURIO0krBI56eTEOtfud3ZVyHnRQ"}
2025-05-28T14:50:02.644Z [[31merror[39m]: Update withdrawal status error: {"error":"Withdrawal not found","transferRef":"transfer_8uo3uh54iUbuIxqomSPcgNmoNcqrxaQErT8fl3ym9G23LCDaI5ktXOIsPpL5DjNUk1RaCizWCoWt0MjrVMh2AGhJ2U9"}
2025-05-28T14:50:02.645Z [[31merror[39m]: Error processing transfer success webhook: {"error":{"statusCode":404,"isOperational":true},"reference":"transfer_8uo3uh54iUbuIxqomSPcgNmoNcqrxaQErT8fl3ym9G23LCDaI5ktXOIsPpL5DjNUk1RaCizWCoWt0MjrVMh2AGhJ2U9"}
